cl : Command line warning D9035: option 'Gm' has been deprecated and will be removed in a future release
  objects.cpp
d:\dokumenty\!studia\semestr 6\wirtualne zespoły robocze\wzr19_3b\objects.h(6): warning C4091: 'extern ': ignored on left of 'Terrain' when no variable is declared
d:\dokumenty\!studia\semestr 6\wirtualne zespoły robocze\wzr19_3b\objects.cpp(70): warning C4244: '=': conversion from 'double' to 'GLfloat', possible loss of data
d:\dokumenty\!studia\semestr 6\wirtualne zespoły robocze\wzr19_3b\objects.cpp(71): warning C4244: '=': conversion from 'double' to 'GLfloat', possible loss of data
d:\dokumenty\!studia\semestr 6\wirtualne zespoły robocze\wzr19_3b\objects.cpp(72): warning C4244: '=': conversion from 'double' to 'GLfloat', possible loss of data
d:\dokumenty\!studia\semestr 6\wirtualne zespoły robocze\wzr19_3b\objects.cpp(75): warning C4244: '=': conversion from 'double' to 'GLfloat', possible loss of data
d:\dokumenty\!studia\semestr 6\wirtualne zespoły robocze\wzr19_3b\objects.cpp(76): warning C4244: '=': conversion from 'double' to 'GLfloat', possible loss of data
d:\dokumenty\!studia\semestr 6\wirtualne zespoły robocze\wzr19_3b\objects.cpp(77): warning C4244: '=': conversion from 'double' to 'GLfloat', possible loss of data
d:\dokumenty\!studia\semestr 6\wirtualne zespoły robocze\wzr19_3b\objects.cpp(78): warning C4244: '=': conversion from 'double' to 'GLfloat', possible loss of data
d:\dokumenty\!studia\semestr 6\wirtualne zespoły robocze\wzr19_3b\objects.cpp(89): warning C4305: '=': truncation from 'double' to 'float'
d:\dokumenty\!studia\semestr 6\wirtualne zespoły robocze\wzr19_3b\objects.cpp(92): warning C4244: '=': conversion from 'double' to 'float', possible loss of data
d:\dokumenty\!studia\semestr 6\wirtualne zespoły robocze\wzr19_3b\objects.cpp(94): warning C4305: '=': truncation from 'double' to 'float'
d:\dokumenty\!studia\semestr 6\wirtualne zespoły robocze\wzr19_3b\objects.cpp(98): warning C4305: '=': truncation from 'double' to 'float'
d:\dokumenty\!studia\semestr 6\wirtualne zespoły robocze\wzr19_3b\objects.cpp(104): warning C4244: '=': conversion from 'double' to 'float', possible loss of data
d:\dokumenty\!studia\semestr 6\wirtualne zespoły robocze\wzr19_3b\objects.cpp(116): warning C4305: 'argument': truncation from 'double' to 'float'
d:\dokumenty\!studia\semestr 6\wirtualne zespoły robocze\wzr19_3b\objects.cpp(120): warning C4244: '=': conversion from 'double' to 'float', possible loss of data
d:\dokumenty\!studia\semestr 6\wirtualne zespoły robocze\wzr19_3b\objects.cpp(121): warning C4244: '=': conversion from 'double' to 'float', possible loss of data
d:\dokumenty\!studia\semestr 6\wirtualne zespoły robocze\wzr19_3b\objects.cpp(122): warning C4244: '=': conversion from 'double' to 'float', possible loss of data
d:\dokumenty\!studia\semestr 6\wirtualne zespoły robocze\wzr19_3b\objects.cpp(182): warning C4305: 'initializing': truncation from 'double' to 'float'
d:\dokumenty\!studia\semestr 6\wirtualne zespoły robocze\wzr19_3b\objects.cpp(184): warning C4305: 'initializing': truncation from 'double' to 'float'
d:\dokumenty\!studia\semestr 6\wirtualne zespoły robocze\wzr19_3b\objects.cpp(185): warning C4305: 'initializing': truncation from 'double' to 'float'
d:\dokumenty\!studia\semestr 6\wirtualne zespoły robocze\wzr19_3b\objects.cpp(186): warning C4305: 'initializing': truncation from 'double' to 'float'
d:\dokumenty\!studia\semestr 6\wirtualne zespoły robocze\wzr19_3b\objects.cpp(242): warning C4244: '=': conversion from 'double' to 'float', possible loss of data
d:\dokumenty\!studia\semestr 6\wirtualne zespoły robocze\wzr19_3b\objects.cpp(244): warning C4244: 'argument': conversion from 'int' to 'float', possible loss of data
d:\dokumenty\!studia\semestr 6\wirtualne zespoły robocze\wzr19_3b\objects.cpp(261): warning C4244: 'initializing': conversion from 'double' to 'float', possible loss of data
d:\dokumenty\!studia\semestr 6\wirtualne zespoły robocze\wzr19_3b\objects.cpp(325): warning C4305: 'argument': truncation from 'double' to 'float'
d:\dokumenty\!studia\semestr 6\wirtualne zespoły robocze\wzr19_3b\objects.cpp(351): warning C4244: '=': conversion from 'double' to 'float', possible loss of data
d:\dokumenty\!studia\semestr 6\wirtualne zespoły robocze\wzr19_3b\objects.cpp(442): warning C4244: 'argument': conversion from 'double' to 'float', possible loss of data
d:\dokumenty\!studia\semestr 6\wirtualne zespoły robocze\wzr19_3b\objects.cpp(604): warning C4244: 'initializing': conversion from 'double' to 'float', possible loss of data
d:\dokumenty\!studia\semestr 6\wirtualne zespoły robocze\wzr19_3b\objects.cpp(659): warning C4244: 'initializing': conversion from 'double' to 'float', possible loss of data
d:\dokumenty\!studia\semestr 6\wirtualne zespoły robocze\wzr19_3b\objects.cpp(683): warning C4244: 'initializing': conversion from 'float' to 'long', possible loss of data
d:\dokumenty\!studia\semestr 6\wirtualne zespoły robocze\wzr19_3b\objects.cpp(740): warning C4244: '=': conversion from 'float' to 'long', possible loss of data
d:\dokumenty\!studia\semestr 6\wirtualne zespoły robocze\wzr19_3b\objects.cpp(709): warning C4996: 'sprintf': This function or variable may be unsafe. Consider using sprintf_s instead. To disable deprecation, use _CRT_SECURE_NO_WARNINGS. See online help for details.
  c:\program files (x86)\windows kits\10\include\10.0.17763.0\ucrt\stdio.h(1774): note: see declaration of 'sprintf'
d:\dokumenty\!studia\semestr 6\wirtualne zespoły robocze\wzr19_3b\objects.cpp(714): warning C4996: 'sprintf': This function or variable may be unsafe. Consider using sprintf_s instead. To disable deprecation, use _CRT_SECURE_NO_WARNINGS. See online help for details.
  c:\program files (x86)\windows kits\10\include\10.0.17763.0\ucrt\stdio.h(1774): note: see declaration of 'sprintf'
d:\dokumenty\!studia\semestr 6\wirtualne zespoły robocze\wzr19_3b\objects.cpp(826): warning C4244: 'argument': conversion from 'double' to 'GLfloat', possible loss of data
d:\dokumenty\!studia\semestr 6\wirtualne zespoły robocze\wzr19_3b\objects.cpp(836): warning C4305: 'initializing': truncation from 'double' to 'float'
d:\dokumenty\!studia\semestr 6\wirtualne zespoły robocze\wzr19_3b\objects.cpp(846): warning C4305: 'argument': truncation from 'double' to 'GLfloat'
d:\dokumenty\!studia\semestr 6\wirtualne zespoły robocze\wzr19_3b\objects.cpp(910): warning C4244: 'initializing': conversion from 'double' to 'int', possible loss of data
d:\dokumenty\!studia\semestr 6\wirtualne zespoły robocze\wzr19_3b\objects.cpp(992): warning C4244: 'initializing': conversion from 'double' to 'long', possible loss of data
d:\dokumenty\!studia\semestr 6\wirtualne zespoły robocze\wzr19_3b\objects.cpp(1076): warning C4244: 'initializing': conversion from 'double' to 'long', possible loss of data
d:\dokumenty\!studia\semestr 6\wirtualne zespoły robocze\wzr19_3b\objects.cpp(1096): warning C4244: 'argument': conversion from 'double' to 'float', possible loss of data
d:\dokumenty\!studia\semestr 6\wirtualne zespoły robocze\wzr19_3b\objects.cpp(1294): warning C4996: 'sprintf': This function or variable may be unsafe. Consider using sprintf_s instead. To disable deprecation, use _CRT_SECURE_NO_WARNINGS. See online help for details.
  c:\program files (x86)\windows kits\10\include\10.0.17763.0\ucrt\stdio.h(1774): note: see declaration of 'sprintf'
d:\dokumenty\!studia\semestr 6\wirtualne zespoły robocze\wzr19_3b\objects.cpp(1298): warning C4996: 'sprintf': This function or variable may be unsafe. Consider using sprintf_s instead. To disable deprecation, use _CRT_SECURE_NO_WARNINGS. See online help for details.
  c:\program files (x86)\windows kits\10\include\10.0.17763.0\ucrt\stdio.h(1774): note: see declaration of 'sprintf'
d:\dokumenty\!studia\semestr 6\wirtualne zespoły robocze\wzr19_3b\objects.cpp(1335): warning C4996: 'fopen': This function or variable may be unsafe. Consider using fopen_s instead. To disable deprecation, use _CRT_SECURE_NO_WARNINGS. See online help for details.
  c:\program files (x86)\windows kits\10\include\10.0.17763.0\ucrt\stdio.h(208): note: see declaration of 'fopen'
d:\dokumenty\!studia\semestr 6\wirtualne zespoły robocze\wzr19_3b\objects.cpp(1415): warning C4996: 'fopen': This function or variable may be unsafe. Consider using fopen_s instead. To disable deprecation, use _CRT_SECURE_NO_WARNINGS. See online help for details.
  c:\program files (x86)\windows kits\10\include\10.0.17763.0\ucrt\stdio.h(208): note: see declaration of 'fopen'
d:\dokumenty\!studia\semestr 6\wirtualne zespoły robocze\wzr19_3b\objects.cpp(1473): warning C4996: 'fopen': This function or variable may be unsafe. Consider using fopen_s instead. To disable deprecation, use _CRT_SECURE_NO_WARNINGS. See online help for details.
  c:\program files (x86)\windows kits\10\include\10.0.17763.0\ucrt\stdio.h(208): note: see declaration of 'fopen'
d:\dokumenty\!studia\semestr 6\wirtualne zespoły robocze\wzr19_3b\objects.cpp(1480): warning C4996: 'fopen': This function or variable may be unsafe. Consider using fopen_s instead. To disable deprecation, use _CRT_SECURE_NO_WARNINGS. See online help for details.
  c:\program files (x86)\windows kits\10\include\10.0.17763.0\ucrt\stdio.h(208): note: see declaration of 'fopen'
d:\dokumenty\!studia\semestr 6\wirtualne zespoły robocze\wzr19_3b\objects.cpp(1509): warning C4244: 'initializing': conversion from 'double' to 'float', possible loss of data
d:\dokumenty\!studia\semestr 6\wirtualne zespoły robocze\wzr19_3b\objects.cpp(1517): warning C4244: 'initializing': conversion from 'double' to 'float', possible loss of data
d:\dokumenty\!studia\semestr 6\wirtualne zespoły robocze\wzr19_3b\objects.cpp(1527): warning C4244: 'initializing': conversion from 'double' to 'float', possible loss of data
d:\dokumenty\!studia\semestr 6\wirtualne zespoły robocze\wzr19_3b\objects.cpp(1528): warning C4244: 'initializing': conversion from 'double' to 'float', possible loss of data
d:\dokumenty\!studia\semestr 6\wirtualne zespoły robocze\wzr19_3b\objects.cpp(1598): warning C4305: 'argument': truncation from 'double' to 'float'
d:\dokumenty\!studia\semestr 6\wirtualne zespoły robocze\wzr19_3b\objects.cpp(1599): warning C4244: '=': conversion from 'double' to 'float', possible loss of data
d:\dokumenty\!studia\semestr 6\wirtualne zespoły robocze\wzr19_3b\objects.cpp(1607): warning C4305: 'argument': truncation from 'double' to 'float'
d:\dokumenty\!studia\semestr 6\wirtualne zespoły robocze\wzr19_3b\objects.cpp(1621): warning C4244: '=': conversion from 'double' to 'float', possible loss of data
d:\dokumenty\!studia\semestr 6\wirtualne zespoły robocze\wzr19_3b\objects.cpp(1680): warning C4477: 'fprintf' : format string '%d' requires an argument of type 'int', but variadic argument 1 has type 'Przedmiot *'
d:\dokumenty\!studia\semestr 6\wirtualne zespoły robocze\wzr19_3b\objects.cpp(1735): warning C4996: 'sprintf': This function or variable may be unsafe. Consider using sprintf_s instead. To disable deprecation, use _CRT_SECURE_NO_WARNINGS. See online help for details.
  c:\program files (x86)\windows kits\10\include\10.0.17763.0\ucrt\stdio.h(1774): note: see declaration of 'sprintf'
d:\dokumenty\!studia\semestr 6\wirtualne zespoły robocze\wzr19_3b\objects.cpp(1738): warning C4996: 'sprintf': This function or variable may be unsafe. Consider using sprintf_s instead. To disable deprecation, use _CRT_SECURE_NO_WARNINGS. See online help for details.
  c:\program files (x86)\windows kits\10\include\10.0.17763.0\ucrt\stdio.h(1774): note: see declaration of 'sprintf'
d:\dokumenty\!studia\semestr 6\wirtualne zespoły robocze\wzr19_3b\objects.cpp(1906): warning C4244: 'argument': conversion from 'double' to 'float', possible loss of data
d:\dokumenty\!studia\semestr 6\wirtualne zespoły robocze\wzr19_3b\objects.cpp(2017): warning C4477: 'fprintf' : format string '%d' requires an argument of type 'int', but variadic argument 1 has type 'Przedmiot *'
d:\dokumenty\!studia\semestr 6\wirtualne zespoły robocze\wzr19_3b\objects.cpp(2179): warning C4477: 'fprintf' : format string '%d' requires an argument of type 'int', but variadic argument 1 has type 'Przedmiot *'
d:\dokumenty\!studia\semestr 6\wirtualne zespoły robocze\wzr19_3b\objects.cpp(2308): warning C4244: 'initializing': conversion from 'float' to 'long', possible loss of data
d:\dokumenty\!studia\semestr 6\wirtualne zespoły robocze\wzr19_3b\objects.cpp(2329): warning C4244: 'initializing': conversion from 'double' to 'float', possible loss of data
d:\dokumenty\!studia\semestr 6\wirtualne zespoły robocze\wzr19_3b\objects.cpp(2330): warning C4244: 'initializing': conversion from 'double' to 'float', possible loss of data
d:\dokumenty\!studia\semestr 6\wirtualne zespoły robocze\wzr19_3b\objects.cpp(2366): warning C4244: '=': conversion from 'double' to 'long', possible loss of data
d:\dokumenty\!studia\semestr 6\wirtualne zespoły robocze\wzr19_3b\objects.cpp(2376): warning C4244: '=': conversion from 'double' to 'long', possible loss of data
d:\dokumenty\!studia\semestr 6\wirtualne zespoły robocze\wzr19_3b\objects.cpp(2402): warning C4244: 'argument': conversion from 'double' to 'float', possible loss of data
d:\dokumenty\!studia\semestr 6\wirtualne zespoły robocze\wzr19_3b\objects.cpp(2575): warning C4244: 'initializing': conversion from 'double' to 'float', possible loss of data
d:\dokumenty\!studia\semestr 6\wirtualne zespoły robocze\wzr19_3b\objects.cpp(2580): warning C4244: 'argument': conversion from 'double' to 'GLfloat', possible loss of data
d:\dokumenty\!studia\semestr 6\wirtualne zespoły robocze\wzr19_3b\objects.cpp(2595): warning C4305: 'argument': truncation from 'double' to 'GLfloat'
d:\dokumenty\!studia\semestr 6\wirtualne zespoły robocze\wzr19_3b\objects.cpp(2611): warning C4244: 'argument': conversion from 'double' to 'GLfloat', possible loss of data
d:\dokumenty\!studia\semestr 6\wirtualne zespoły robocze\wzr19_3b\objects.cpp(2629): warning C4305: 'argument': truncation from 'double' to 'GLfloat'
d:\dokumenty\!studia\semestr 6\wirtualne zespoły robocze\wzr19_3b\objects.cpp(2636): warning C4305: 'initializing': truncation from 'double' to 'float'
d:\dokumenty\!studia\semestr 6\wirtualne zespoły robocze\wzr19_3b\objects.cpp(2637): warning C4305: 'initializing': truncation from 'double' to 'float'
d:\dokumenty\!studia\semestr 6\wirtualne zespoły robocze\wzr19_3b\objects.cpp(2645): warning C4838: conversion from 'double' to 'GLfloat' requires a narrowing conversion
d:\dokumenty\!studia\semestr 6\wirtualne zespoły robocze\wzr19_3b\objects.cpp(2645): warning C4244: 'initializing': conversion from 'double' to 'GLfloat', possible loss of data
d:\dokumenty\!studia\semestr 6\wirtualne zespoły robocze\wzr19_3b\objects.cpp(2646): warning C4838: conversion from 'double' to 'GLfloat' requires a narrowing conversion
d:\dokumenty\!studia\semestr 6\wirtualne zespoły robocze\wzr19_3b\objects.cpp(2646): warning C4244: 'initializing': conversion from 'double' to 'GLfloat', possible loss of data
d:\dokumenty\!studia\semestr 6\wirtualne zespoły robocze\wzr19_3b\objects.cpp(2655): warning C4244: 'argument': conversion from 'double' to 'GLfloat', possible loss of data
d:\dokumenty\!studia\semestr 6\wirtualne zespoły robocze\wzr19_3b\objects.cpp(2688): warning C4838: conversion from 'double' to 'GLfloat' requires a narrowing conversion
d:\dokumenty\!studia\semestr 6\wirtualne zespoły robocze\wzr19_3b\objects.cpp(2688): warning C4244: 'initializing': conversion from 'double' to 'GLfloat', possible loss of data
d:\dokumenty\!studia\semestr 6\wirtualne zespoły robocze\wzr19_3b\objects.cpp(2697): warning C4244: 'argument': conversion from 'double' to 'GLfloat', possible loss of data
d:\dokumenty\!studia\semestr 6\wirtualne zespoły robocze\wzr19_3b\objects.cpp(2731): warning C4838: conversion from 'double' to 'GLfloat' requires a narrowing conversion
d:\dokumenty\!studia\semestr 6\wirtualne zespoły robocze\wzr19_3b\objects.cpp(2731): warning C4244: 'initializing': conversion from 'double' to 'GLfloat', possible loss of data
d:\dokumenty\!studia\semestr 6\wirtualne zespoły robocze\wzr19_3b\objects.cpp(2742): warning C4244: 'argument': conversion from 'double' to 'GLfloat', possible loss of data
d:\dokumenty\!studia\semestr 6\wirtualne zespoły robocze\wzr19_3b\objects.cpp(2766): warning C4244: 'argument': conversion from 'double' to 'GLfloat', possible loss of data
d:\dokumenty\!studia\semestr 6\wirtualne zespoły robocze\wzr19_3b\objects.cpp(2767): warning C4244: 'argument': conversion from 'double' to 'GLfloat', possible loss of data
d:\dokumenty\!studia\semestr 6\wirtualne zespoły robocze\wzr19_3b\objects.cpp(2775): warning C4838: conversion from 'double' to 'GLfloat' requires a narrowing conversion
d:\dokumenty\!studia\semestr 6\wirtualne zespoły robocze\wzr19_3b\objects.cpp(2775): warning C4244: 'initializing': conversion from 'double' to 'GLfloat', possible loss of data
d:\dokumenty\!studia\semestr 6\wirtualne zespoły robocze\wzr19_3b\objects.cpp(2785): warning C4244: 'argument': conversion from 'double' to 'GLfloat', possible loss of data
d:\dokumenty\!studia\semestr 6\wirtualne zespoły robocze\wzr19_3b\objects.cpp(2806): warning C4244: 'initializing': conversion from 'double' to 'float', possible loss of data
d:\dokumenty\!studia\semestr 6\wirtualne zespoły robocze\wzr19_3b\objects.cpp(2812): warning C4244: 'initializing': conversion from 'double' to 'float', possible loss of data
d:\dokumenty\!studia\semestr 6\wirtualne zespoły robocze\wzr19_3b\objects.cpp(2821): warning C4244: 'initializing': conversion from 'double' to 'float', possible loss of data
d:\dokumenty\!studia\semestr 6\wirtualne zespoły robocze\wzr19_3b\objects.cpp(2828): warning C4244: 'argument': conversion from 'double' to 'GLfloat', possible loss of data
d:\dokumenty\!studia\semestr 6\wirtualne zespoły robocze\wzr19_3b\objects.cpp(2833): warning C4244: 'initializing': conversion from 'double' to 'float', possible loss of data
d:\dokumenty\!studia\semestr 6\wirtualne zespoły robocze\wzr19_3b\objects.cpp(2867): warning C4305: 'argument': truncation from 'double' to 'GLfloat'
d:\dokumenty\!studia\semestr 6\wirtualne zespoły robocze\wzr19_3b\objects.cpp(2899): warning C4305: 'argument': truncation from 'double' to 'GLfloat'
d:\dokumenty\!studia\semestr 6\wirtualne zespoły robocze\wzr19_3b\objects.cpp(2984): warning C4305: 'argument': truncation from 'double' to 'GLfloat'
  main.cpp
d:\dokumenty\!studia\semestr 6\wirtualne zespoły robocze\wzr19_3b\objects.h(6): warning C4091: 'extern ': ignored on left of 'Terrain' when no variable is declared
d:\dokumenty\!studia\semestr 6\wirtualne zespoły robocze\wzr19_3b\main.cpp(30): warning C4996: 'fopen': This function or variable may be unsafe. Consider using fopen_s instead. To disable deprecation, use _CRT_SECURE_NO_WARNINGS. See online help for details.
  c:\program files (x86)\windows kits\10\include\10.0.17763.0\ucrt\stdio.h(208): note: see declaration of 'fopen'
d:\dokumenty\!studia\semestr 6\wirtualne zespoły robocze\wzr19_3b\main.cpp(190): warning C4244: '+=': conversion from 'float' to 'long', possible loss of data
d:\dokumenty\!studia\semestr 6\wirtualne zespoły robocze\wzr19_3b\main.cpp(270): warning C4244: '=': conversion from 'double' to 'float', possible loss of data
d:\dokumenty\!studia\semestr 6\wirtualne zespoły robocze\wzr19_3b\main.cpp(272): warning C4996: 'sprintf': This function or variable may be unsafe. Consider using sprintf_s instead. To disable deprecation, use _CRT_SECURE_NO_WARNINGS. See online help for details.
  c:\program files (x86)\windows kits\10\include\10.0.17763.0\ucrt\stdio.h(1774): note: see declaration of 'sprintf'
d:\dokumenty\!studia\semestr 6\wirtualne zespoły robocze\wzr19_3b\main.cpp(273): warning C4996: 'sprintf': This function or variable may be unsafe. Consider using sprintf_s instead. To disable deprecation, use _CRT_SECURE_NO_WARNINGS. See online help for details.
  c:\program files (x86)\windows kits\10\include\10.0.17763.0\ucrt\stdio.h(1774): note: see declaration of 'sprintf'
d:\dokumenty\!studia\semestr 6\wirtualne zespoły robocze\wzr19_3b\main.cpp(293): warning C4996: 'sprintf': This function or variable may be unsafe. Consider using sprintf_s instead. To disable deprecation, use _CRT_SECURE_NO_WARNINGS. See online help for details.
  c:\program files (x86)\windows kits\10\include\10.0.17763.0\ucrt\stdio.h(1774): note: see declaration of 'sprintf'
d:\dokumenty\!studia\semestr 6\wirtualne zespoły robocze\wzr19_3b\main.cpp(320): warning C4996: 'sprintf': This function or variable may be unsafe. Consider using sprintf_s instead. To disable deprecation, use _CRT_SECURE_NO_WARNINGS. See online help for details.
  c:\program files (x86)\windows kits\10\include\10.0.17763.0\ucrt\stdio.h(1774): note: see declaration of 'sprintf'
d:\dokumenty\!studia\semestr 6\wirtualne zespoły robocze\wzr19_3b\main.cpp(266): warning C4101: 'text': unreferenced local variable
d:\dokumenty\!studia\semestr 6\wirtualne zespoły robocze\wzr19_3b\main.cpp(292): warning C4101: 'text': unreferenced local variable
d:\dokumenty\!studia\semestr 6\wirtualne zespoły robocze\wzr19_3b\main.cpp(388): warning C4244: '=': conversion from 'long' to 'float', possible loss of data
d:\dokumenty\!studia\semestr 6\wirtualne zespoły robocze\wzr19_3b\main.cpp(389): warning C4244: '-=': conversion from 'float' to 'long', possible loss of data
d:\dokumenty\!studia\semestr 6\wirtualne zespoły robocze\wzr19_3b\main.cpp(397): warning C4566: character represented by universal-character-name '\u0153' cannot be represented in the current code page (1250)
d:\dokumenty\!studia\semestr 6\wirtualne zespoły robocze\wzr19_3b\main.cpp(390): warning C4996: 'sprintf': This function or variable may be unsafe. Consider using sprintf_s instead. To disable deprecation, use _CRT_SECURE_NO_WARNINGS. See online help for details.
  c:\program files (x86)\windows kits\10\include\10.0.17763.0\ucrt\stdio.h(1774): note: see declaration of 'sprintf'
d:\dokumenty\!studia\semestr 6\wirtualne zespoły robocze\wzr19_3b\main.cpp(397): warning C4996: 'sprintf': This function or variable may be unsafe. Consider using sprintf_s instead. To disable deprecation, use _CRT_SECURE_NO_WARNINGS. See online help for details.
  c:\program files (x86)\windows kits\10\include\10.0.17763.0\ucrt\stdio.h(1774): note: see declaration of 'sprintf'
d:\dokumenty\!studia\semestr 6\wirtualne zespoły robocze\wzr19_3b\main.cpp(638): warning C4244: '=': conversion from 'double' to 'float', possible loss of data
d:\dokumenty\!studia\semestr 6\wirtualne zespoły robocze\wzr19_3b\main.cpp(647): warning C4305: '/=': truncation from 'double' to 'float'
d:\dokumenty\!studia\semestr 6\wirtualne zespoły robocze\wzr19_3b\main.cpp(651): warning C4305: '*=': truncation from 'double' to 'float'
d:\dokumenty\!studia\semestr 6\wirtualne zespoły robocze\wzr19_3b\main.cpp(705): warning C4805: '&': unsafe mix of type 'WPARAM' and type 'bool' in operation
d:\dokumenty\!studia\semestr 6\wirtualne zespoły robocze\wzr19_3b\main.cpp(705): warning C4305: '=': truncation from 'double' to 'float'
d:\dokumenty\!studia\semestr 6\wirtualne zespoły robocze\wzr19_3b\main.cpp(707): warning C4305: '=': truncation from 'double' to 'float'
d:\dokumenty\!studia\semestr 6\wirtualne zespoły robocze\wzr19_3b\main.cpp(719): warning C4805: '&': unsafe mix of type 'WPARAM' and type 'bool' in operation
d:\dokumenty\!studia\semestr 6\wirtualne zespoły robocze\wzr19_3b\main.cpp(719): warning C4305: '=': truncation from 'double' to 'float'
d:\dokumenty\!studia\semestr 6\wirtualne zespoły robocze\wzr19_3b\main.cpp(721): warning C4305: '=': truncation from 'double' to 'float'
d:\dokumenty\!studia\semestr 6\wirtualne zespoły robocze\wzr19_3b\main.cpp(735): warning C4305: '/=': truncation from 'double' to 'float'
d:\dokumenty\!studia\semestr 6\wirtualne zespoły robocze\wzr19_3b\main.cpp(742): warning C4305: '*=': truncation from 'double' to 'float'
d:\dokumenty\!studia\semestr 6\wirtualne zespoły robocze\wzr19_3b\main.cpp(757): warning C4305: '+=': truncation from 'double' to 'float'
d:\dokumenty\!studia\semestr 6\wirtualne zespoły robocze\wzr19_3b\main.cpp(762): warning C4305: '-=': truncation from 'double' to 'float'
d:\dokumenty\!studia\semestr 6\wirtualne zespoły robocze\wzr19_3b\main.cpp(772): warning C4305: '/=': truncation from 'double' to 'float'
d:\dokumenty\!studia\semestr 6\wirtualne zespoły robocze\wzr19_3b\main.cpp(780): warning C4305: '*=': truncation from 'double' to 'float'
d:\dokumenty\!studia\semestr 6\wirtualne zespoły robocze\wzr19_3b\main.cpp(594): warning C4996: 'sprintf': This function or variable may be unsafe. Consider using sprintf_s instead. To disable deprecation, use _CRT_SECURE_NO_WARNINGS. See online help for details.
  c:\program files (x86)\windows kits\10\include\10.0.17763.0\ucrt\stdio.h(1774): note: see declaration of 'sprintf'
d:\dokumenty\!studia\semestr 6\wirtualne zespoły robocze\wzr19_3b\main.cpp(819): warning C4996: 'sprintf': This function or variable may be unsafe. Consider using sprintf_s instead. To disable deprecation, use _CRT_SECURE_NO_WARNINGS. See online help for details.
  c:\program files (x86)\windows kits\10\include\10.0.17763.0\ucrt\stdio.h(1774): note: see declaration of 'sprintf'
d:\dokumenty\!studia\semestr 6\wirtualne zespoły robocze\wzr19_3b\main.cpp(963): warning C4996: 'strcpy': This function or variable may be unsafe. Consider using strcpy_s instead. To disable deprecation, use _CRT_SECURE_NO_WARNINGS. See online help for details.
  c:\program files (x86)\windows kits\10\include\10.0.17763.0\ucrt\string.h(133): note: see declaration of 'strcpy'
d:\dokumenty\!studia\semestr 6\wirtualne zespoły robocze\wzr19_3b\main.cpp(964): warning C4996: 'strcat': This function or variable may be unsafe. Consider using strcat_s instead. To disable deprecation, use _CRT_SECURE_NO_WARNINGS. See online help for details.
  c:\program files (x86)\windows kits\10\include\10.0.17763.0\ucrt\string.h(90): note: see declaration of 'strcat'
d:\dokumenty\!studia\semestr 6\wirtualne zespoły robocze\wzr19_3b\main.cpp(965): warning C4996: 'strcat': This function or variable may be unsafe. Consider using strcat_s instead. To disable deprecation, use _CRT_SECURE_NO_WARNINGS. See online help for details.
  c:\program files (x86)\windows kits\10\include\10.0.17763.0\ucrt\string.h(90): note: see declaration of 'strcat'
d:\dokumenty\!studia\semestr 6\wirtualne zespoły robocze\wzr19_3b\main.cpp(969): warning C4996: 'strcpy': This function or variable may be unsafe. Consider using strcpy_s instead. To disable deprecation, use _CRT_SECURE_NO_WARNINGS. See online help for details.
  c:\program files (x86)\windows kits\10\include\10.0.17763.0\ucrt\string.h(133): note: see declaration of 'strcpy'
d:\dokumenty\!studia\semestr 6\wirtualne zespoły robocze\wzr19_3b\main.cpp(970): warning C4996: 'strcat': This function or variable may be unsafe. Consider using strcat_s instead. To disable deprecation, use _CRT_SECURE_NO_WARNINGS. See online help for details.
  c:\program files (x86)\windows kits\10\include\10.0.17763.0\ucrt\string.h(90): note: see declaration of 'strcat'
d:\dokumenty\!studia\semestr 6\wirtualne zespoły robocze\wzr19_3b\main.cpp(971): warning C4996: 'strcat': This function or variable may be unsafe. Consider using strcat_s instead. To disable deprecation, use _CRT_SECURE_NO_WARNINGS. See online help for details.
  c:\program files (x86)\windows kits\10\include\10.0.17763.0\ucrt\string.h(90): note: see declaration of 'strcat'
d:\dokumenty\!studia\semestr 6\wirtualne zespoły robocze\wzr19_3b\main.cpp(977): warning C4996: 'strcat': This function or variable may be unsafe. Consider using strcat_s instead. To disable deprecation, use _CRT_SECURE_NO_WARNINGS. See online help for details.
  c:\program files (x86)\windows kits\10\include\10.0.17763.0\ucrt\string.h(90): note: see declaration of 'strcat'
  Generating Code...
  Skipping... (no relevant changes detected)
  graphics.cpp
graphics.obj : warning LNK4075: ignoring '/EDITANDCONTINUE' due to '/SAFESEH' specification
  wzr_vis.vcxproj -> D:\Dokumenty\!Studia\Semestr 6\Wirtualne zespoły robocze\wzr19_3b\Debug\wzr_vis.exe
